[0.251s] Invoking command in '/home/autoware/aichallenge2023-integration-final-main/build/autoware_common_msgs': CMAKE_PREFIX_PATH=${CMAKE_PREFIX_PATH}:/home/autoware/aichallenge2023-integration-final-main/install/simulator_compatibility_test:/home/autoware/aichallenge2023-integration-final-main/install/ad_api_visualizers:/home/autoware/autoware/install/simulator_compatibility_test:/home/autoware/autoware/install/ad_api_visualizers:/opt/ros/humble /usr/bin/cmake --build /home/autoware/aichallenge2023-integration-final-main/build/autoware_common_msgs -- -j16 -l16
[0.819s] [  9%] Built target autoware_common_msgs__rosidl_generator_c
[1.027s] [ 12%] Built target autoware_common_msgs__cpp
[1.067s] [ 12%] Built target ament_cmake_python_symlink_autoware_common_msgs
[1.147s] gmake[1]: *** [CMakeFiles/Makefile2:342: CMakeFiles/autoware_common_msgs__rosidl_typesupport_fastrtps_cpp.dir/all] Interrupt
[1.148s] gmake[1]: *** [CMakeFiles/Makefile2:368: CMakeFiles/autoware_common_msgs__rosidl_typesupport_introspection_cpp.dir/all] Interrupt
[1.148s] gmake[1]: *** [CMakeFiles/Makefile2:446: CMakeFiles/ament_cmake_python_build_autoware_common_msgs_egg.dir/all] Interrupt
[1.148s] gmake[2]: *** [CMakeFiles/autoware_common_msgs__rosidl_typesupport_c.dir/build.make:122: CMakeFiles/autoware_common_msgs__rosidl_typesupport_c.dir/depend] Interrupt
[1.148s] gmake[1]: *** [CMakeFiles/Makefile2:290: CMakeFiles/autoware_common_msgs__rosidl_typesupport_c.dir/all] Interrupt
[1.148s] gmake[2]: *** [CMakeFiles/autoware_common_msgs__rosidl_typesupport_introspection_c.dir/build.make:128: CMakeFiles/autoware_common_msgs__rosidl_typesupport_introspection_c.dir/depend] Interrupt
[1.148s] gmake[1]: *** [CMakeFiles/Makefile2:264: CMakeFiles/autoware_common_msgs__rosidl_typesupport_introspection_c.dir/all] Interrupt
[1.148s] gmake[2]: *** [CMakeFiles/autoware_common_msgs__rosidl_typesupport_fastrtps_c.dir/build.make:131: CMakeFiles/autoware_common_msgs__rosidl_typesupport_fastrtps_c.dir/depend] Interrupt
[1.148s] gmake[1]: *** [CMakeFiles/Makefile2:238: CMakeFiles/autoware_common_msgs__rosidl_typesupport_fastrtps_c.dir/all] Interrupt
[1.148s] gmake[1]: *** wait: No child processes.  Stop.
[1.148s] gmake[1]: *** Waiting for unfinished jobs....
[1.148s] gmake[1]: *** wait: No child processes.  Stop.
[1.148s] gmake: *** [Makefile:146: all] Error 2
