[0.205s] Invoking command in '/home/autoware/aichallenge2023-integration-final-main/build/tier4_planning_msgs': CMAKE_PREFIX_PATH=${CMAKE_PREFIX_PATH}:/home/autoware/aichallenge2023-integration-final-main/install/simulator_compatibility_test:/home/autoware/aichallenge2023-integration-final-main/install/ad_api_visualizers:/home/autoware/autoware/install/simulator_compatibility_test:/home/autoware/autoware/install/ad_api_visualizers:/opt/ros/humble /usr/bin/cmake --build /home/autoware/aichallenge2023-integration-final-main/build/tier4_planning_msgs -- -j16 -l16
[0.905s] [ 12%] Built target tier4_planning_msgs__rosidl_generator_c
[0.955s] [ 12%] Built target ament_cmake_python_symlink_tier4_planning_msgs
[1.090s] gmake[2]: *** [CMakeFiles/ament_cmake_python_build_tier4_planning_msgs_egg.dir/build.make:85: CMakeFiles/ament_cmake_python_build_tier4_planning_msgs_egg.dir/depend] Interrupt
[1.090s] gmake[2]: *** [CMakeFiles/tier4_planning_msgs__rosidl_typesupport_introspection_c.dir/build.make:859: CMakeFiles/tier4_planning_msgs__rosidl_typesupport_introspection_c.dir/depend] Interrupt
[1.090s] gmake[2]: *** [CMakeFiles/tier4_planning_msgs__rosidl_typesupport_fastrtps_c.dir/build.make:862: CMakeFiles/tier4_planning_msgs__rosidl_typesupport_fastrtps_c.dir/depend] Interrupt
[1.090s] gmake[1]: *** [CMakeFiles/Makefile2:264: CMakeFiles/tier4_planning_msgs__rosidl_typesupport_introspection_c.dir/all] Interrupt
[1.090s] gmake[1]: *** [CMakeFiles/Makefile2:446: CMakeFiles/ament_cmake_python_build_tier4_planning_msgs_egg.dir/all] Interrupt
[1.090s] gmake[2]: *** wait: No child processes.  Stop.
[1.090s] gmake[2]: *** Waiting for unfinished jobs....
[1.090s] gmake[2]: *** wait: No child processes.  Stop.
[1.090s] gmake[1]: *** [CMakeFiles/Makefile2:238: CMakeFiles/tier4_planning_msgs__rosidl_typesupport_fastrtps_c.dir/all] Interrupt
[1.090s] gmake[1]: *** [CMakeFiles/Makefile2:290: CMakeFiles/tier4_planning_msgs__rosidl_typesupport_c.dir/all] Error 2
[1.090s] gmake[1]: *** wait: No child processes.  Stop.
[1.090s] gmake[1]: *** Waiting for unfinished jobs....
[1.090s] gmake[1]: *** wait: No child processes.  Stop.
[1.090s] gmake: *** [Makefile:146: all] Error 2
