gmake[2]: *** [CMakeFiles/ament_cmake_python_symlink_tier4_v2x_msgs.dir/build.make:70: CMakeFiles/ament_cmake_python_symlink_tier4_v2x_msgs] Interrupt
gmake[1]: *** [CMakeFiles/Makefile2:421: CMakeFiles/ament_cmake_python_symlink_tier4_v2x_msgs.dir/all] Interrupt
[ 11%] Built target tier4_v2x_msgs__rosidl_generator_c
gmake[1]: *** [CMakeFiles/Makefile2:214: CMakeFiles/tier4_v2x_msgs__rosidl_generator_c.dir/all] Interrupt
gmake[1]: *** wait: No child processes.  Stop.
gmake[1]: *** Waiting for unfinished jobs....
gmake[1]: *** wait: No child processes.  Stop.
gmake: *** [Makefile:146: all] Error 2
