[0.124s] Invoking command in '/home/autoware/aichallenge2023-integration-final-main/build/tier4_v2x_msgs': CMAKE_PREFIX_PATH=${CMAKE_PREFIX_PATH}:/home/autoware/aichallenge2023-integration-final-main/install/simulator_compatibility_test:/home/autoware/aichallenge2023-integration-final-main/install/ad_api_visualizers:/home/autoware/autoware/install/simulator_compatibility_test:/home/autoware/autoware/install/ad_api_visualizers:/opt/ros/humble /usr/bin/cmake --build /home/autoware/aichallenge2023-integration-final-main/build/tier4_v2x_msgs -- -j16 -l16
[0.980s] gmake[2]: *** [CMakeFiles/ament_cmake_python_symlink_tier4_v2x_msgs.dir/build.make:70: CMakeFiles/ament_cmake_python_symlink_tier4_v2x_msgs] Interrupt
[0.980s] gmake[1]: *** [CMakeFiles/Makefile2:421: CMakeFiles/ament_cmake_python_symlink_tier4_v2x_msgs.dir/all] Interrupt
[1.014s] [ 11%] Built target tier4_v2x_msgs__rosidl_generator_c
[1.015s] gmake[1]: *** [CMakeFiles/Makefile2:214: CMakeFiles/tier4_v2x_msgs__rosidl_generator_c.dir/all] Interrupt
[1.015s] gmake[1]: *** wait: No child processes.  Stop.
[1.015s] gmake[1]: *** Waiting for unfinished jobs....
[1.015s] gmake[1]: *** wait: No child processes.  Stop.
[1.015s] gmake: *** [Makefile:146: all] Error 2
