[35m[1mConsolidate compiler generated dependencies of target smoother[0m
[ 10%] Built target gmock_main
[ 20%] Built target motion_velocity_smoother
[ 35%] Built target gmock
[ 40%] [32mBuilding CXX object CMakeFiles/smoother.dir/src/smoother/analytical_jerk_constrained_smoother/analytical_jerk_constrained_smoother.cpp.o[0m
[ 45%] [32m[1mLinking CXX shared library libsmoother.so[0m
[ 80%] Built target smoother
[ 85%] [32m[1mLinking CXX executable test_smoother_functions[0m
[ 90%] [32mBuilding CXX object CMakeFiles/motion_velocity_smoother_node.dir/src/motion_velocity_smoother_node.cpp.o[0m
[ 95%] Built target test_smoother_functions
[01m[K/home/autoware/aichallenge2023-integration-final-main/src/universe/autoware.universe/planning/motion_velocity_smoother/src/motion_velocity_smoother_node.cpp:[m[K In member function â€˜[01m[Kvoid motion_velocity_smoother::MotionVelocitySmootherNode::onCurrentTrajectory(autoware_auto_planning_msgs::msg::Trajectory_<std::allocator<void> >::ConstSharedPtr)[m[Kâ€™:
[01m[K/home/autoware/aichallenge2023-integration-final-main/src/universe/autoware.universe/planning/motion_velocity_smoother/src/motion_velocity_smoother_node.cpp:450:47:[m[K [01;31m[Kerror: [m[Kâ€˜[01m[Kcurvature_v[m[Kâ€™ was not declared in this scope; did you mean â€˜[01m[Kcurvature[m[Kâ€™?
  450 |     curvature = std::max(curvature, std::fabs([01;31m[Kcurvature_v[m[K.at(i)));
      |                                               [01;31m[K^~~~~~~~~~~[m[K
      |                                               [32m[Kcurvature[m[K
gmake[2]: *** [CMakeFiles/motion_velocity_smoother_node.dir/build.make:76: CMakeFiles/motion_velocity_smoother_node.dir/src/motion_velocity_smoother_node.cpp.o] Error 1
gmake[1]: *** [CMakeFiles/Makefile2:206: CMakeFiles/motion_velocity_smoother_node.dir/all] Error 2
gmake: *** [Makefile:146: all] Error 2
