[0.138s] Invoking command in '/home/autoware/aichallenge2023-integration-final-main/build/tier4_localization_msgs': CMAKE_PREFIX_PATH=${CMAKE_PREFIX_PATH}:/home/autoware/aichallenge2023-integration-final-main/install/simulator_compatibility_test:/home/autoware/aichallenge2023-integration-final-main/install/ad_api_visualizers:/home/autoware/autoware/install/simulator_compatibility_test:/home/autoware/autoware/install/ad_api_visualizers:/opt/ros/humble /usr/bin/cmake --build /home/autoware/aichallenge2023-integration-final-main/build/tier4_localization_msgs -- -j16 -l16
[0.999s] [  3%] Built target tier4_localization_msgs__cpp
[0.999s] gmake[1]: *** [CMakeFiles/Makefile2:422: CMakeFiles/ament_cmake_python_symlink_tier4_localization_msgs.dir/all] Interrupt
[0.999s] gmake[1]: *** [CMakeFiles/Makefile2:394: CMakeFiles/tier4_localization_msgs__rosidl_typesupport_cpp.dir/all] Interrupt
[0.999s] gmake[1]: *** [CMakeFiles/Makefile2:342: CMakeFiles/tier4_localization_msgs__rosidl_typesupport_fastrtps_cpp.dir/all] Interrupt
[0.999s] gmake[1]: *** [CMakeFiles/Makefile2:368: CMakeFiles/tier4_localization_msgs__rosidl_typesupport_introspection_cpp.dir/all] Interrupt
[0.999s] gmake[1]: *** wait: No child processes.  Stop.
[0.999s] gmake[1]: *** Waiting for unfinished jobs....
[0.999s] gmake[1]: *** wait: No child processes.  Stop.
[0.999s] gmake: *** [Makefile:146: all] Error 2
