[ 26%] Built target pointcloud_map_loader_node
[ 34%] Built target lanelet2_map_visualization
[ 47%] Built target gmock
[ 56%] Built target gmock_main
[ 65%] Built target pointcloud_map_loader
[ 73%] Built target lanelet2_map_loader
[ 78%] [32mBuilding CXX object CMakeFiles/lanelet2_map_loader_node.dir/src/lanelet2_map_loader/lanelet2_map_loader_node.cpp.o[0m
[01m[K/home/autoware/aichallenge2023-integration-final-main/src/universe/autoware.universe/map/map_loader/src/lanelet2_map_loader/lanelet2_map_loader_node.cpp:[m[K In static member function â€˜[01m[Kstatic lanelet::LaneletMapPtr Lanelet2MapLoaderNode::load_map(rclcpp::Node&, const string&, const string&)[m[Kâ€™:
[01m[K/home/autoware/aichallenge2023-integration-final-main/src/universe/autoware.universe/map/map_loader/src/lanelet2_map_loader/lanelet2_map_loader_node.cpp:102:6:[m[K [01;31m[Kerror: [m[Kexpected â€˜[01m[K;[m[Kâ€™ before â€˜[01m[K)[m[Kâ€™ token
  102 | false[01;31m[K)[m[K
      |      [01;31m[K^[m[K
      |      [32m[K;[m[K
[01m[K/home/autoware/aichallenge2023-integration-final-main/src/universe/autoware.universe/map/map_loader/src/lanelet2_map_loader/lanelet2_map_loader_node.cpp:105:3:[m[K [01;31m[Kerror: [m[Kstatement has no effect [[01;31m[K]8;;https://gcc.gnu.org/onlinedocs/gcc/Warning-Options.html#index-Wunused-value-Werror=unused-value]8;;[m[K]
  105 |   [01;31m[K}[m[K
      |   [01;31m[K^[m[K
cc1plus: all warnings being treated as errors
gmake[2]: *** [CMakeFiles/lanelet2_map_loader_node.dir/build.make:76: CMakeFiles/lanelet2_map_loader_node.dir/src/lanelet2_map_loader/lanelet2_map_loader_node.cpp.o] Error 1
gmake[1]: *** [CMakeFiles/Makefile2:238: CMakeFiles/lanelet2_map_loader_node.dir/all] Error 2
gmake: *** [Makefile:146: all] Error 2
