[ 13%] Built target velodyne_rawdata
[ 21%] Built target cloud_node
[ 30%] Built target transform_node
[ 39%] Built target interpolate_node
[ 65%] Built target cloud_nodelet
[35m[1mConsolidate compiler generated dependencies of target interpolate_nodelet[0m
[ 69%] [32mBuilding CXX object CMakeFiles/interpolate_nodelet.dir/src/conversions/interpolate.cc.o[0m
[01m[K/home/autoware/aichallenge2023-integration-final-main/src/sensor_component/external/velodyne_vls/velodyne_pointcloud/src/conversions/interpolate.cc:[m[K In member function â€˜[01m[Kvoid velodyne_pointcloud::Interpolate::processPoints(sensor_msgs::msg::PointCloud2_<std::allocator<void> >::SharedPtr)[m[Kâ€™:
[01m[K/home/autoware/aichallenge2023-integration-final-main/src/sensor_component/external/velodyne_vls/velodyne_pointcloud/src/conversions/interpolate.cc:108:56:[m[K [01;31m[Kerror: [m[Kâ€˜[01m[Knoise_filtered_points[m[Kâ€™ is not a member of â€˜[01m[Kpcl::PointCloud<velodyne_pointcloud::PointXYZIRADT>[m[Kâ€™
  108 |   pcl::PointCloud<velodyne_pointcloud::PointXYZIRADT>::[01;31m[Knoise_filtered_points[m[K;
      |                                                        [01;31m[K^~~~~~~~~~~~~~~~~~~~~[m[K
[01m[K/home/autoware/aichallenge2023-integration-final-main/src/sensor_component/external/velodyne_vls/velodyne_pointcloud/src/conversions/interpolate.cc:109:3:[m[K [01;31m[Kerror: [m[Kâ€˜[01m[Knoise_filtered_points[m[Kâ€™ was not declared in this scope
  109 |   [01;31m[Knoise_filtered_points[m[K.header = points_xyziradt->header;
      |   [01;31m[K^~~~~~~~~~~~~~~~~~~~~[m[K
gmake[2]: *** [CMakeFiles/interpolate_nodelet.dir/build.make:76: CMakeFiles/interpolate_nodelet.dir/src/conversions/interpolate.cc.o] Error 1
gmake[1]: *** [CMakeFiles/Makefile2:228: CMakeFiles/interpolate_nodelet.dir/all] Error 2
gmake: *** [Makefile:146: all] Error 2
