[  0%] Built target ament_cmake_python_symlink_velodyne_msgs
[ 10%] Built target velodyne_msgs__rosidl_generator_c
[ 12%] Built target velodyne_msgs__cpp
[ 23%] Built target velodyne_msgs__rosidl_typesupport_c
[ 33%] Built target velodyne_msgs__rosidl_typesupport_fastrtps_c
[ 43%] Built target velodyne_msgs__rosidl_typesupport_introspection_c
[ 53%] Built target velodyne_msgs__rosidl_typesupport_fastrtps_cpp
[ 64%] Built target velodyne_msgs__rosidl_typesupport_introspection_cpp
[ 74%] Built target velodyne_msgs__rosidl_typesupport_cpp
[ 74%] Built target velodyne_msgs
running egg_info
writing velodyne_msgs.egg-info/PKG-INFO
writing dependency_links to velodyne_msgs.egg-info/dependency_links.txt
writing top-level names to velodyne_msgs.egg-info/top_level.txt
reading manifest file 'velodyne_msgs.egg-info/SOURCES.txt'
writing manifest file 'velodyne_msgs.egg-info/SOURCES.txt'
[ 76%] Built target velodyne_msgs__py
[ 76%] Built target ament_cmake_python_build_velodyne_msgs_egg
[ 84%] Built target velodyne_msgs__rosidl_generator_py
[ 89%] Built target velodyne_msgs__rosidl_typesupport_fastrtps_c__pyext
[ 94%] Built target velodyne_msgs__rosidl_typesupport_introspection_c__pyext
[100%] Built target velodyne_msgs__rosidl_typesupport_c__pyext
Traceback (most recent call last):
  File "/usr/lib/python3/dist-packages/colcon_parallel_executor/executor/parallel.py", line 67, in execute
    loop.run_until_complete(future)
  File "/usr/lib/python3.10/asyncio/base_events.py", line 636, in run_until_complete
    self.run_forever()
  File "/usr/lib/python3.10/asyncio/base_events.py", line 603, in run_forever
    self._run_once()
  File "/usr/lib/python3.10/asyncio/base_events.py", line 1909, in _run_once
    handle._run()
  File "/usr/lib/python3.10/asyncio/events.py", line 80, in _run
    self._context.run(self._callback, *self._args)
  File "/usr/lib/python3.10/asyncio/unix_events.py", line 516, in _read_ready
    self._loop._remove_reader(self._fileno)
  File "/usr/lib/python3.10/asyncio/selector_events.py", line 272, in _remove_reader
    key = self._selector.get_key(fd)
  File "/usr/lib/python3.10/selectors.py", line 181, in get_key
    def get_key(self, fileobj):
KeyboardInterrupt

During handling of the above exception, another exception occurred:

Traceback (most recent call last):
  File "/usr/lib/python3/dist-packages/colcon_core/executor/__init__.py", line 91, in __call__
    rc = await self.task(*args, **kwargs)
  File "/usr/lib/python3/dist-packages/colcon_core/task/__init__.py", line 93, in __call__
    return await task_method(*args, **kwargs)
  File "/usr/lib/python3/dist-packages/colcon_ros/task/ament_cmake/build.py", line 59, in build
    rc = await extension.build(
  File "/usr/lib/python3/dist-packages/colcon_cmake/task/cmake/build.py", line 110, in build
    if await has_target(args.build_base, 'install'):
  File "/usr/lib/python3/dist-packages/colcon_cmake/task/cmake/__init__.py", line 57, in has_target
    return target in await get_makefile_targets(path)
  File "/usr/lib/python3/dist-packages/colcon_cmake/task/cmake/__init__.py", line 77, in get_makefile_targets
    output = await check_output([
  File "/usr/lib/python3/dist-packages/colcon_core/subprocess.py", line 128, in check_output
    assert not rc, f'Expected {args} to pass: {stderr_data}'
AssertionError: Expected ['/usr/bin/cmake', '--build', '/home/autoware/aichallenge2023-integration-final-main/build/velodyne_msgs', '--target', 'help'] to pass: gmake: *** wait: No child processes.  Stop.
gmake: *** Waiting for unfinished jobs....
gmake: *** wait: No child processes.  Stop.

