[0.165s] Invoking command in '/home/autoware/aichallenge2023-integration-final-main/build/tier4_rtc_msgs': CMAKE_PREFIX_PATH=${CMAKE_PREFIX_PATH}:/home/autoware/aichallenge2023-integration-final-main/install/simulator_compatibility_test:/home/autoware/aichallenge2023-integration-final-main/install/ad_api_visualizers:/home/autoware/autoware/install/simulator_compatibility_test:/home/autoware/autoware/install/ad_api_visualizers:/opt/ros/humble /usr/bin/cmake --build /home/autoware/aichallenge2023-integration-final-main/build/tier4_rtc_msgs -- -j16 -l16
[1.032s] gmake[2]: *** [CMakeFiles/ament_cmake_python_symlink_tier4_rtc_msgs.dir/build.make:70: CMakeFiles/ament_cmake_python_symlink_tier4_rtc_msgs] Interrupt
[1.032s] gmake[1]: *** [CMakeFiles/Makefile2:318: CMakeFiles/tier4_rtc_msgs__cpp.dir/all] Interrupt
[1.032s] gmake[1]: *** [CMakeFiles/Makefile2:421: CMakeFiles/ament_cmake_python_symlink_tier4_rtc_msgs.dir/all] Interrupt
[1.032s] gmake[1]: *** wait: No child processes.  Stop.
[1.032s] gmake[1]: *** Waiting for unfinished jobs....
[1.032s] gmake[1]: *** wait: No child processes.  Stop.
[1.032s] gmake: *** [Makefile:146: all] Error 2
